<?xml version="1.0" encoding="UTF-8"?>
<coverage generated="1775580196625" clover="3.2.0">
  <project timestamp="1775580196625" name="All files">
    <metrics statements="32" coveredstatements="21" conditionals="16" coveredconditionals="7" methods="18" coveredmethods="6" elements="66" coveredelements="34" complexity="0" loc="32" ncloc="32" packages="2" files="7" classes="7"/>
    <package name="components">
      <metrics statements="25" coveredstatements="17" conditionals="16" coveredconditionals="7" methods="14" coveredmethods="6"/>
      <file name="Contact.js" path="C:\Users\asust\Avi grill\src\components\Contact.js">
        <metrics statements="2" coveredstatements="2" conditionals="0" coveredconditionals="0" methods="1" coveredmethods="1"/>
        <line num="1" count="1" type="stmt"/>
        <line num="2" count="3" type="stmt"/>
      </file>
      <file name="Header.js" path="C:\Users\asust\Avi grill\src\components\Header.js">
        <metrics statements="13" coveredstatements="7" conditionals="8" coveredconditionals="2" methods="10" coveredmethods="3"/>
        <line num="4" count="1" type="stmt"/>
        <line num="6" count="4" type="stmt"/>
        <line num="7" count="4" type="stmt"/>
        <line num="8" count="4" type="stmt"/>
        <line num="11" count="7" type="stmt"/>
        <line num="13" count="4" type="stmt"/>
        <line num="44" count="0" type="stmt"/>
        <line num="47" count="0" type="stmt"/>
        <line num="50" count="0" type="stmt"/>
        <line num="53" count="0" type="stmt"/>
        <line num="74" count="0" type="stmt"/>
        <line num="80" count="1" type="cond" truecount="1" falsecount="1"/>
        <line num="93" count="0" type="stmt"/>
      </file>
      <file name="RestaurantCard.js" path="C:\Users\asust\Avi grill\src\components\RestaurantCard.js">
        <metrics statements="8" coveredstatements="6" conditionals="8" coveredconditionals="5" methods="2" coveredmethods="1"/>
        <line num="4" count="1" type="stmt"/>
        <line num="6" count="1" type="stmt"/>
        <line num="8" count="1" type="cond" truecount="3" falsecount="1"/>
        <line num="9" count="0" type="stmt"/>
        <line num="12" count="1" type="stmt"/>
        <line num="14" count="1" type="stmt"/>
        <line num="15" count="0" type="stmt"/>
        <line num="18" count="1" type="stmt"/>
      </file>
      <file name="sum.js" path="C:\Users\asust\Avi grill\src\components\sum.js">
        <metrics statements="2" coveredstatements="2" conditionals="0" coveredconditionals="0" methods="1" coveredmethods="1"/>
        <line num="1" count="1" type="stmt"/>
        <line num="2" count="1" type="stmt"/>
      </file>
    </package>
    <package name="utlis">
      <metrics statements="7" coveredstatements="4" conditionals="0" coveredconditionals="0" methods="4" coveredmethods="0"/>
      <file name="appStore.js" path="C:\Users\asust\Avi grill\src\utlis\appStore.js">
        <metrics statements="1" coveredstatements="1" conditionals="0" coveredconditionals="0" methods="0" coveredmethods="0"/>
        <line num="4" count="1" type="stmt"/>
      </file>
      <file name="cartSlice.js" path="C:\Users\asust\Avi grill\src\utlis\cartSlice.js">
        <metrics statements="5" coveredstatements="2" conditionals="0" coveredconditionals="0" methods="4" coveredmethods="0"/>
        <line num="3" count="1" type="stmt"/>
        <line num="10" count="0" type="stmt"/>
        <line num="13" count="0" type="stmt"/>
        <line num="16" count="0" type="stmt"/>
        <line num="22" count="1" type="stmt"/>
      </file>
      <file name="constants.js" path="C:\Users\asust\Avi grill\src\utlis\constants.js">
        <metrics statements="1" coveredstatements="1" conditionals="0" coveredconditionals="0" methods="0" coveredmethods="0"/>
        <line num="1" count="1" type="stmt"/>
      </file>
    </package>
  </project>
</coverage>
