{"C:\\Users\\asust\\Avi grill\\src\\components\\Contact.js": {"path":"C:\\Users\\asust\\Avi grill\\src\\components\\Contact.js","statementMap":{"0":{"start":{"line":1,"column":16},"end":{"line":22,"column":1}},"1":{"start":{"line":2,"column":4},"end":{"line":21,"column":6}}},"fnMap":{"0":{"name":"(anonymous_0)","decl":{"start":{"line":1,"column":16},"end":{"line":1,"column":17}},"loc":{"start":{"line":1,"column":22},"end":{"line":22,"column":1}},"line":1}},"branchMap":{},"s":{"0":1,"1":3},"f":{"0":3},"b":{},"_coverageSchema":"1a1c01bbd47fc00a2c39e90264f33305004495a9","hash":"f576ac9dc511f02cfa29ab58781ae6ba2cc0d277"}
,"C:\\Users\\asust\\Avi grill\\src\\components\\Header.js": {"path":"C:\\Users\\asust\\Avi grill\\src\\components\\Header.js","statementMap":{"0":{"start":{"line":4,"column":15},"end":{"line":128,"column":1}},"1":{"start":{"line":6,"column":42},"end":{"line":6,"column":59}},"2":{"start":{"line":7,"column":40},"end":{"line":7,"column":54}},"3":{"start":{"line":8,"column":21},"end":{"line":8,"column":47}},"4":{"start":{"line":8,"column":27},"end":{"line":8,"column":47}},"5":{"start":{"line":11,"column":20},"end":{"line":11,"column":60}},"6":{"start":{"line":11,"column":43},"end":{"line":11,"column":59}},"7":{"start":{"line":13,"column":2},"end":{"line":127,"column":4}},"8":{"start":{"line":44,"column":58},"end":{"line":44,"column":73}},"9":{"start":{"line":47,"column":58},"end":{"line":47,"column":76}},"10":{"start":{"line":50,"column":58},"end":{"line":50,"column":74}},"11":{"start":{"line":53,"column":58},"end":{"line":53,"column":76}},"12":{"start":{"line":74,"column":14},"end":{"line":74,"column":30}},"13":{"start":{"line":80,"column":14},"end":{"line":82,"column":43}},"14":{"start":{"line":93,"column":57},"end":{"line":93,"column":76}}},"fnMap":{"0":{"name":"(anonymous_0)","decl":{"start":{"line":4,"column":15},"end":{"line":4,"column":16}},"loc":{"start":{"line":4,"column":32},"end":{"line":128,"column":1}},"line":4},"1":{"name":"(anonymous_1)","decl":{"start":{"line":8,"column":21},"end":{"line":8,"column":22}},"loc":{"start":{"line":8,"column":27},"end":{"line":8,"column":47}},"line":8},"2":{"name":"(anonymous_2)","decl":{"start":{"line":11,"column":32},"end":{"line":11,"column":33}},"loc":{"start":{"line":11,"column":43},"end":{"line":11,"column":59}},"line":11},"3":{"name":"(anonymous_3)","decl":{"start":{"line":44,"column":52},"end":{"line":44,"column":53}},"loc":{"start":{"line":44,"column":58},"end":{"line":44,"column":73}},"line":44},"4":{"name":"(anonymous_4)","decl":{"start":{"line":47,"column":52},"end":{"line":47,"column":53}},"loc":{"start":{"line":47,"column":58},"end":{"line":47,"column":76}},"line":47},"5":{"name":"(anonymous_5)","decl":{"start":{"line":50,"column":52},"end":{"line":50,"column":53}},"loc":{"start":{"line":50,"column":58},"end":{"line":50,"column":74}},"line":50},"6":{"name":"(anonymous_6)","decl":{"start":{"line":53,"column":52},"end":{"line":53,"column":53}},"loc":{"start":{"line":53,"column":58},"end":{"line":53,"column":76}},"line":53},"7":{"name":"(anonymous_7)","decl":{"start":{"line":73,"column":27},"end":{"line":73,"column":28}},"loc":{"start":{"line":73,"column":33},"end":{"line":75,"column":13}},"line":73},"8":{"name":"(anonymous_8)","decl":{"start":{"line":79,"column":21},"end":{"line":79,"column":22}},"loc":{"start":{"line":79,"column":27},"end":{"line":83,"column":13}},"line":79},"9":{"name":"(anonymous_9)","decl":{"start":{"line":93,"column":50},"end":{"line":93,"column":51}},"loc":{"start":{"line":93,"column":57},"end":{"line":93,"column":76}},"line":93}},"branchMap":{"0":{"loc":{"start":{"line":80,"column":14},"end":{"line":82,"column":42}},"type":"cond-expr","locations":[{"start":{"line":81,"column":18},"end":{"line":81,"column":43}},{"start":{"line":82,"column":18},"end":{"line":82,"column":42}}],"line":80},"1":{"loc":{"start":{"line":91,"column":7},"end":{"line":125,"column":7}},"type":"binary-expr","locations":[{"start":{"line":91,"column":7},"end":{"line":91,"column":18}},{"start":{"line":92,"column":8},"end":{"line":124,"column":14}}],"line":91},"2":{"loc":{"start":{"line":98,"column":13},"end":{"line":109,"column":13}},"type":"binary-expr","locations":[{"start":{"line":98,"column":13},"end":{"line":98,"column":36}},{"start":{"line":99,"column":14},"end":{"line":108,"column":20}}],"line":98},"3":{"loc":{"start":{"line":111,"column":13},"end":{"line":122,"column":13}},"type":"binary-expr","locations":[{"start":{"line":111,"column":13},"end":{"line":111,"column":38}},{"start":{"line":112,"column":14},"end":{"line":121,"column":20}}],"line":111}},"s":{"0":1,"1":4,"2":4,"3":4,"4":0,"5":4,"6":7,"7":4,"8":0,"9":0,"10":0,"11":0,"12":0,"13":1,"14":0},"f":{"0":4,"1":0,"2":7,"3":0,"4":0,"5":0,"6":0,"7":0,"8":1,"9":0},"b":{"0":[1,0],"1":[4,0],"2":[0,0],"3":[0,0]},"_coverageSchema":"1a1c01bbd47fc00a2c39e90264f33305004495a9","hash":"e74f352dd3cc7c04c286dc7050fcfed5b0ffa67d"}
,"C:\\Users\\asust\\Avi grill\\src\\components\\RestaurantCard.js": {"path":"C:\\Users\\asust\\Avi grill\\src\\components\\RestaurantCard.js","statementMap":{"0":{"start":{"line":4,"column":23},"end":{"line":39,"column":1}},"1":{"start":{"line":6,"column":56},"end":{"line":6,"column":61}},"2":{"start":{"line":8,"column":2},"end":{"line":10,"column":3}},"3":{"start":{"line":9,"column":4},"end":{"line":9,"column":16}},"4":{"start":{"line":12,"column":15},"end":{"line":12,"column":27}},"5":{"start":{"line":14,"column":32},"end":{"line":16,"column":3}},"6":{"start":{"line":15,"column":4},"end":{"line":15,"column":29}},"7":{"start":{"line":18,"column":2},"end":{"line":38,"column":4}}},"fnMap":{"0":{"name":"(anonymous_0)","decl":{"start":{"line":4,"column":23},"end":{"line":4,"column":24}},"loc":{"start":{"line":4,"column":34},"end":{"line":39,"column":1}},"line":4},"1":{"name":"(anonymous_1)","decl":{"start":{"line":14,"column":32},"end":{"line":14,"column":33}},"loc":{"start":{"line":14,"column":38},"end":{"line":16,"column":3}},"line":14}},"branchMap":{"0":{"loc":{"start":{"line":8,"column":2},"end":{"line":10,"column":3}},"type":"if","locations":[{"start":{"line":8,"column":2},"end":{"line":10,"column":3}},{"start":{},"end":{}}],"line":8},"1":{"loc":{"start":{"line":8,"column":6},"end":{"line":8,"column":31}},"type":"binary-expr","locations":[{"start":{"line":8,"column":6},"end":{"line":8,"column":14}},{"start":{"line":8,"column":18},"end":{"line":8,"column":31}}],"line":8},"2":{"loc":{"start":{"line":20,"column":7},"end":{"line":20,"column":68}},"type":"binary-expr","locations":[{"start":{"line":20,"column":7},"end":{"line":20,"column":27}},{"start":{"line":20,"column":31},"end":{"line":20,"column":68}}],"line":20},"3":{"loc":{"start":{"line":24,"column":13},"end":{"line":24,"column":32}},"type":"binary-expr","locations":[{"start":{"line":24,"column":13},"end":{"line":24,"column":22}},{"start":{"line":24,"column":26},"end":{"line":24,"column":32}}],"line":24}},"s":{"0":1,"1":1,"2":1,"3":0,"4":1,"5":1,"6":0,"7":1},"f":{"0":1,"1":0},"b":{"0":[0,1],"1":[1,1],"2":[1,0],"3":[1,0]},"_coverageSchema":"1a1c01bbd47fc00a2c39e90264f33305004495a9","hash":"51b879d6a44349c96bcdd31ef52010ff35138db2"}
,"C:\\Users\\asust\\Avi grill\\src\\components\\sum.js": {"path":"C:\\Users\\asust\\Avi grill\\src\\components\\sum.js","statementMap":{"0":{"start":{"line":1,"column":19},"end":{"line":3,"column":1}},"1":{"start":{"line":2,"column":4},"end":{"line":2,"column":17}}},"fnMap":{"0":{"name":"(anonymous_0)","decl":{"start":{"line":1,"column":19},"end":{"line":1,"column":20}},"loc":{"start":{"line":1,"column":29},"end":{"line":3,"column":1}},"line":1}},"branchMap":{},"s":{"0":1,"1":1},"f":{"0":1},"b":{},"_coverageSchema":"1a1c01bbd47fc00a2c39e90264f33305004495a9","hash":"1747d984447767314b19489678338f568f65fd87"}
,"C:\\Users\\asust\\Avi grill\\src\\utlis\\appStore.js": {"path":"C:\\Users\\asust\\Avi grill\\src\\utlis\\appStore.js","statementMap":{"0":{"start":{"line":4,"column":17},"end":{"line":8,"column":2}}},"fnMap":{},"branchMap":{},"s":{"0":1},"f":{},"b":{},"_coverageSchema":"1a1c01bbd47fc00a2c39e90264f33305004495a9","hash":"5a2f4387c0f34e787699b9b2c42f2f253af0249a"}
,"C:\\Users\\asust\\Avi grill\\src\\utlis\\cartSlice.js": {"path":"C:\\Users\\asust\\Avi grill\\src\\utlis\\cartSlice.js","statementMap":{"0":{"start":{"line":3,"column":18},"end":{"line":19,"column":2}},"1":{"start":{"line":10,"column":6},"end":{"line":10,"column":39}},"2":{"start":{"line":13,"column":6},"end":{"line":13,"column":77}},"3":{"start":{"line":13,"column":49},"end":{"line":13,"column":75}},"4":{"start":{"line":16,"column":6},"end":{"line":16,"column":23}},"5":{"start":{"line":22,"column":56},"end":{"line":22,"column":73}}},"fnMap":{"0":{"name":"(anonymous_0)","decl":{"start":{"line":9,"column":19},"end":{"line":9,"column":20}},"loc":{"start":{"line":9,"column":38},"end":{"line":11,"column":5}},"line":9},"1":{"name":"(anonymous_1)","decl":{"start":{"line":12,"column":16},"end":{"line":12,"column":17}},"loc":{"start":{"line":12,"column":35},"end":{"line":14,"column":5}},"line":12},"2":{"name":"(anonymous_2)","decl":{"start":{"line":13,"column":39},"end":{"line":13,"column":40}},"loc":{"start":{"line":13,"column":49},"end":{"line":13,"column":75}},"line":13},"3":{"name":"(anonymous_3)","decl":{"start":{"line":15,"column":15},"end":{"line":15,"column":16}},"loc":{"start":{"line":15,"column":26},"end":{"line":17,"column":5}},"line":15}},"branchMap":{},"s":{"0":1,"1":0,"2":0,"3":0,"4":0,"5":1},"f":{"0":0,"1":0,"2":0,"3":0},"b":{},"_coverageSchema":"1a1c01bbd47fc00a2c39e90264f33305004495a9","hash":"28f66af7a93962e457d4299c032d6418428480fc"}
,"C:\\Users\\asust\\Avi grill\\src\\utlis\\constants.js": {"path":"C:\\Users\\asust\\Avi grill\\src\\utlis\\constants.js","statementMap":{"0":{"start":{"line":1,"column":23},"end":{"line":1,"column":106}}},"fnMap":{},"branchMap":{},"s":{"0":1},"f":{},"b":{},"_coverageSchema":"1a1c01bbd47fc00a2c39e90264f33305004495a9","hash":"883319694645534ad6fafd7edbcf587d00f9b562"}
}
