TN:
SF:src\components\Contact.js
FN:1,(anonymous_0)
FNF:1
FNH:1
FNDA:3,(anonymous_0)
DA:1,1
DA:2,3
LF:2
LH:2
BRF:0
BRH:0
end_of_record
TN:
SF:src\components\Header.js
FN:4,(anonymous_0)
FN:8,(anonymous_1)
FN:11,(anonymous_2)
FN:44,(anonymous_3)
FN:47,(anonymous_4)
FN:50,(anonymous_5)
FN:53,(anonymous_6)
FN:73,(anonymous_7)
FN:79,(anonymous_8)
FN:93,(anonymous_9)
FNF:10
FNH:3
FNDA:4,(anonymous_0)
FNDA:0,(anonymous_1)
FNDA:7,(anonymous_2)
FNDA:0,(anonymous_3)
FNDA:0,(anonymous_4)
FNDA:0,(anonymous_5)
FNDA:0,(anonymous_6)
FNDA:0,(anonymous_7)
FNDA:1,(anonymous_8)
FNDA:0,(anonymous_9)
DA:4,1
DA:6,4
DA:7,4
DA:8,4
DA:11,7
DA:13,4
DA:44,0
DA:47,0
DA:50,0
DA:53,0
DA:74,0
DA:80,1
DA:93,0
LF:13
LH:7
BRDA:80,0,0,1
BRDA:80,0,1,0
BRDA:91,1,0,4
BRDA:91,1,1,0
BRDA:98,2,0,0
BRDA:98,2,1,0
BRDA:111,3,0,0
BRDA:111,3,1,0
BRF:8
BRH:2
end_of_record
TN:
SF:src\components\RestaurantCard.js
FN:4,(anonymous_0)
FN:14,(anonymous_1)
FNF:2
FNH:1
FNDA:1,(anonymous_0)
FNDA:0,(anonymous_1)
DA:4,1
DA:6,1
DA:8,1
DA:9,0
DA:12,1
DA:14,1
DA:15,0
DA:18,1
LF:8
LH:6
BRDA:8,0,0,0
BRDA:8,0,1,1
BRDA:8,1,0,1
BRDA:8,1,1,1
BRDA:20,2,0,1
BRDA:20,2,1,0
BRDA:24,3,0,1
BRDA:24,3,1,0
BRF:8
BRH:5
end_of_record
TN:
SF:src\components\sum.js
FN:1,(anonymous_0)
FNF:1
FNH:1
FNDA:1,(anonymous_0)
DA:1,1
DA:2,1
LF:2
LH:2
BRF:0
BRH:0
end_of_record
TN:
SF:src\utlis\appStore.js
FNF:0
FNH:0
DA:4,1
LF:1
LH:1
BRF:0
BRH:0
end_of_record
TN:
SF:src\utlis\cartSlice.js
FN:9,(anonymous_0)
FN:12,(anonymous_1)
FN:13,(anonymous_2)
FN:15,(anonymous_3)
FNF:4
FNH:0
FNDA:0,(anonymous_0)
FNDA:0,(anonymous_1)
FNDA:0,(anonymous_2)
FNDA:0,(anonymous_3)
DA:3,1
DA:10,0
DA:13,0
DA:16,0
DA:22,1
LF:5
LH:2
BRF:0
BRH:0
end_of_record
TN:
SF:src\utlis\constants.js
FNF:0
FNH:0
DA:1,1
LF:1
LH:1
BRF:0
BRH:0
end_of_record
